<?xml version="1.0" encoding="UTF-8"?>
<!-- Generated by org.testng.reporters.JUnitXMLReporter -->
<testsuite ignored="2" hostname="Sonaji-SFIN1210" failures="0" tests="1" name="Test" time="4.203" errors="0" timestamp="2023-01-21T18:33:08 IST">
  <testcase classname="flipkart.app.TestBase" name="@BeforeClass setUp" time="2.934">
    <failure type="java.lang.IllegalArgumentException" message="Cannot find elements when the XPath is null.">
      <![CDATA[java.lang.IllegalArgumentException: Cannot find elements when the XPath is null.
at org.openqa.selenium.internal.Require$ArgumentChecker.nonNull(Require.java:92)
at org.openqa.selenium.By$ByXPath.<init>(By.java:287)
at org.openqa.selenium.By.xpath(By.java:89)
at pages.LoginPage.<init>(LoginPage.java:37)
at testCases.Flipkart_001_Verify_Add_To_Cart.Loader(Flipkart_001_Verify_Add_To_Cart.java:26)
at flipkart.app.TestBase.setUp(TestBase.java:171)
at java.base/java.util.ArrayList.forEach(ArrayList.java:1511)
... Removed 25 stack frames]]>
    </failure>
  </testcase> <!-- @BeforeClass setUp -->
  <testcase classname="flipkart.app.TestBase" name="@BeforeMethod setToken" time="-1.674306187995E9">
    <skipped/>
  </testcase> <!-- @BeforeMethod setToken -->
  <testcase classname="flipkart.app.TestBase" name="@AfterMethod tearDown" time="-1.674306188005E9">
    <skipped/>
  </testcase> <!-- @AfterMethod tearDown -->
  <testcase classname="testCases.Flipkart_001_Verify_Add_To_Cart" name="Flipkart001_VerifyAddToCart" time="0.0">
    <skipped/>
  </testcase> <!-- Flipkart001_VerifyAddToCart -->
  <testcase classname="flipkart.app.TestBase" name="@BeforeTest iniExtentReport" time="0.0">
    <ignored/>
  </testcase> <!-- @BeforeTest iniExtentReport -->
  <testcase classname="flipkart.app.TestBase" name="@AfterTest closeSuite" time="0.0">
    <ignored/>
  </testcase> <!-- @AfterTest closeSuite -->
</testsuite> <!-- Test -->
